<?xml version="1.0" encoding="UTF-8"?>
<testng-results ignored="0" total="1" passed="1" failed="0" skipped="0">
  <reporter-output>
  </reporter-output>
  <suite started-at="2026-03-24T21:33:21 IST" name="Default suite" finished-at="2026-03-24T21:33:27 IST" duration-ms="5180">
    <groups>
    </groups>
    <test started-at="2026-03-24T21:33:21 IST" name="Default test" finished-at="2026-03-24T21:33:27 IST" duration-ms="5180">
      <class name="tests.subscribeTest">
        <test-method is-config="true" signature="setUp()[pri:0, instance:tests.subscribeTest@130d63be]" started-at="2026-03-24T21:33:21 IST" name="setUp" finished-at="2026-03-24T21:33:26 IST" duration-ms="4275" status="PASS">
          <reporter-output>
          </reporter-output>
        </test-method> <!-- setUp -->
        <test-method signature="validateSubscribeFunctionality()[pri:0, instance:tests.subscribeTest@130d63be]" started-at="2026-03-24T21:33:26 IST" name="validateSubscribeFunctionality" finished-at="2026-03-24T21:33:26 IST" duration-ms="715" status="PASS">
          <reporter-output>
          </reporter-output>
        </test-method> <!-- validateSubscribeFunctionality -->
        <test-method is-config="true" signature="tearDown()[pri:0, instance:tests.subscribeTest@130d63be]" started-at="2026-03-24T21:33:26 IST" name="tearDown" finished-at="2026-03-24T21:33:27 IST" duration-ms="161" status="PASS">
          <reporter-output>
          </reporter-output>
        </test-method> <!-- tearDown -->
      </class> <!-- tests.subscribeTest -->
    </test> <!-- Default test -->
  </suite> <!-- Default suite -->
</testng-results>
