<?xml version="1.0" encoding="UTF-8"?>
<testng-results ignored="0" total="1" passed="1" failed="0" skipped="0">
  <reporter-output>
  </reporter-output>
  <suite started-at="2026-03-25T22:29:58 IST" name="Default suite" finished-at="2026-03-25T22:30:05 IST" duration-ms="7227">
    <groups>
    </groups>
    <test started-at="2026-03-25T22:29:58 IST" name="Default test" finished-at="2026-03-25T22:30:05 IST" duration-ms="7227">
      <class name="tests.DropdownHandlingTest">
        <test-method is-config="true" signature="setUp()[pri:0, instance:tests.DropdownHandlingTest@130d63be]" started-at="2026-03-25T22:29:58 IST" name="setUp" finished-at="2026-03-25T22:30:04 IST" duration-ms="5744" status="PASS">
          <reporter-output>
          </reporter-output>
        </test-method> <!-- setUp -->
        <test-method signature="dropdownPerform()[pri:0, instance:tests.DropdownHandlingTest@130d63be]" started-at="2026-03-25T22:30:04 IST" name="dropdownPerform" finished-at="2026-03-25T22:30:05 IST" duration-ms="1310" status="PASS">
          <reporter-output>
          </reporter-output>
        </test-method> <!-- dropdownPerform -->
        <test-method is-config="true" signature="tearDown()[pri:0, instance:tests.DropdownHandlingTest@130d63be]" started-at="2026-03-25T22:30:05 IST" name="tearDown" finished-at="2026-03-25T22:30:05 IST" duration-ms="137" status="PASS">
          <reporter-output>
          </reporter-output>
        </test-method> <!-- tearDown -->
      </class> <!-- tests.DropdownHandlingTest -->
    </test> <!-- Default test -->
  </suite> <!-- Default suite -->
</testng-results>
